Arguments: 
  C:\Program Files\nodejs\node.exe C:\Users\myali\AppData\Roaming\npm\node_modules\yarn\bin\yarn.js install

PATH: 
  C:\Program Files\Common Files\Oracle\Java\javapath;C:\Python311\Scripts\;C:\Python311\;C:\Windows\system32;C:\Windows;C:\Windows\System32\Wbem;C:\Windows\System32\WindowsPowerShell\v1.0\;C:\Windows\System32\OpenSSH\;C:\ProgramData\chocolatey\bin;C:\Program Files\Java\jdk-20\bin;C:\Program Files\Microsoft SQL Server\150\Tools\Binn\;C:\Program Files\Microsoft SQL Server\Client SDK\ODBC\170\Tools\Binn\;C:\Program Files\dotnet\;C:\Program Files\Git\cmd;C:\Program Files\Git\bin;C:\ProgramData\ComposerSetup\bin;C:\Program Files\Docker\Docker\resources\bin;C:\Program Files\nodejs\;C:\Users\myali\AppData\Local\Microsoft\WindowsApps;C:\Users\myali\AppData\Local\Programs\Microsoft VS Code\bin;C:\Users\myali\.dotnet\tools;C:\xampp\php;C:\Program Files\Git\cmd;C:\Program Files\Git\bin;C:\Users\myali\AppData\Roaming\Composer\vendor\bin;C:\Users\myali\AppData\Roaming\npm

Yarn version: 
  1.22.19

Node version: 
  20.11.0

Platform: 
  win32 x64

Trace: 
  Error: EPERM: operation not permitted, unlink 'C:\xampp\htdocs\agriness\node_modules\@rollup\rollup-win32-x64-msvc\rollup.win32-x64-msvc.node'

npm manifest: 
  {
      "private": true,
      "type": "module",
      "scripts": {
          "dev": "vite",
          "build": "vite build"
      },
      "devDependencies": {
          "@popperjs/core": "^2.11.6",
          "@vitejs/plugin-react": "^4.2.0",
          "axios": "^1.6.4",
          "bootstrap": "^5.2.3",
          "laravel-vite-plugin": "^1.0.0",
          "react": "^18.2.0",
          "react-dom": "^18.2.0",
          "sass": "^1.56.1",
          "vite": "^5.0.0"
      }
  }

yarn manifest: 
  No manifest

Lockfile: 
  No lockfile
